#
# There is insufficient memory for the Java Runtime Environment to continue.
# Native memory allocation (malloc) failed to allocate 1048576 bytes for AllocateHeap
# Possible reasons:
#   The system is out of physical RAM or swap space
#   In 32 bit mode, the process size limit was hit
# Possible solutions:
#   Reduce memory load on the system
#   Increase physical memory or swap space
#   Check if swap backing store is full
#   Use 64 bit Java on a 64 bit OS
#   Decrease Java heap size (-Xmx/-Xms)
#   Decrease number of Java threads
#   Decrease Java thread stack sizes (-Xss)
#   Set larger code cache with -XX:ReservedCodeCacheSize=
# This output file may be truncated or incomplete.
#
#  Out of Memory Error (memory/allocation.inline.hpp:61), pid=1740, tid=0x0000000000002518
#
# JRE version:  (8.0_131-b11) (build )
# Java VM: Java HotSpot(TM) 64-Bit Server VM (25.131-b11 mixed mode windows-amd64 compressed oops)
# Failed to write core dump. Minidumps are not enabled by default on client versions of Windows
#

---------------  T H R E A D  ---------------

Current thread (0x0000000002505800):  JavaThread "Unknown thread" [_thread_in_vm, id=9496, stack(0x0000000002320000,0x0000000002420000)]

Stack: [0x0000000002320000,0x0000000002420000]
[error occurred during error reporting (printing stack bounds), id 0xc0000005]

Native frames: (J=compiled Java code, j=interpreted, Vv=VM code, C=native code)


---------------  P R O C E S S  ---------------

Java Threads: ( => current thread )

Other Threads:

=>0x0000000002505800 (exited) JavaThread "Unknown thread" [_thread_in_vm, id=9496, stack(0x0000000002320000,0x0000000002420000)]

VM state:not at safepoint (normal execution)

VM Mutex/Monitor currently owned by a thread: None

Heap:
 PSYoungGen      total 16896K, used 296K [0x00000000ed980000, 0x00000000eec00000, 0x0000000100000000)
  eden space 14848K, 2% used [0x00000000ed980000,0x00000000ed9ca3e0,0x00000000ee800000)
  from space 2048K, 0% used [0x00000000eea00000,0x00000000eea00000,0x00000000eec00000)
  to   space 2048K, 0% used [0x00000000ee800000,0x00000000ee800000,0x00000000eea00000)
 ParOldGen       total 38400K, used 0K [0x00000000c8c00000, 0x00000000cb180000, 0x00000000ed980000)
  object space 38400K, 0% used [0x00000000c8c00000,0x00000000c8c00000,0x00000000cb180000)
 Metaspace       used 746K, capacity 4480K, committed 4480K, reserved 1056768K
  class space    used 75K, capacity 384K, committed 384K, reserved 1048576K

Card table byte_map: [0x00000000119c0000,0x0000000011b80000] byte_map_base: 0x000000001137a000

Marking Bits: (ParMarkBitMap*) 0x000000007118c720
 Begin Bits: [0x00000000120b0000, 0x0000000012e80000)
 End Bits:   [0x0000000012e80000, 0x0000000013c50000)

Polling page: 0x00000000021d0000

CodeCache: size=245760Kb used=327Kb max_used=327Kb free=245432Kb
 bounds [0x0000000002600000, 0x0000000002870000, 0x0000000011600000]
 total_blobs=57 nmethods=0 adapters=38
 compilation: enabled

Compilation events (0 events):
No events

GC Heap History (0 events):
No events

Deoptimization events (0 events):
No events

Internal exceptions (0 events):
No events

Events (10 events):
Event: 0.133 loading class java/lang/Short
Event: 0.133 loading class java/lang/Short done
Event: 0.133 loading class java/lang/Integer
Event: 0.134 loading class java/lang/Integer done
Event: 0.134 loading class java/lang/Long
Event: 0.134 loading class java/lang/Long done
Event: 0.135 loading class java/lang/NullPointerException
Event: 0.136 loading class java/lang/NullPointerException done
Event: 0.136 loading class java/lang/ArithmeticException
Event: 0.136 loading class java/lang/ArithmeticException done


Dynamic libraries:
0x00007ff7e16e0000 - 0x00007ff7e1717000 	C:\Program Files\Java\jre1.8.0_131\bin\javaw.exe
0x00007ffa409f0000 - 0x00007ffa40bc1000 	C:\WINDOWS\SYSTEM32\ntdll.dll
0x00007ffa408d0000 - 0x00007ffa4097c000 	C:\WINDOWS\System32\KERNEL32.DLL
0x00007ffa3cef0000 - 0x00007ffa3d10d000 	C:\WINDOWS\System32\KERNELBASE.dll
0x00007ffa406f0000 - 0x00007ffa40792000 	C:\WINDOWS\System32\ADVAPI32.dll
0x00007ffa40440000 - 0x00007ffa404de000 	C:\WINDOWS\System32\msvcrt.dll
0x00007ffa40680000 - 0x00007ffa406d9000 	C:\WINDOWS\System32\sechost.dll
0x00007ffa407a0000 - 0x00007ffa408c1000 	C:\WINDOWS\System32\RPCRT4.dll
0x00007ffa3e1d0000 - 0x00007ffa3e335000 	C:\WINDOWS\System32\USER32.dll
0x00007ffa3d2e0000 - 0x00007ffa3d2fe000 	C:\WINDOWS\System32\win32u.dll
0x00007ffa3e780000 - 0x00007ffa3e7b4000 	C:\WINDOWS\System32\GDI32.dll
0x00007ffa3d5b0000 - 0x00007ffa3d730000 	C:\WINDOWS\System32\gdi32full.dll
0x00007ffa32790000 - 0x00007ffa32a0a000 	C:\WINDOWS\WinSxS\amd64_microsoft.windows.common-controls_6595b64144ccf1df_6.0.14393.953_none_42151e83c686086b\COMCTL32.dll
0x00007ffa3e4b0000 - 0x00007ffa3e778000 	C:\WINDOWS\System32\combase.dll
0x00007ffa3d400000 - 0x00007ffa3d4f5000 	C:\WINDOWS\System32\ucrtbase.dll
0x00007ffa3d790000 - 0x00007ffa3d7fa000 	C:\WINDOWS\System32\bcryptPrimitives.dll
0x00007ffa3e340000 - 0x00007ffa3e36e000 	C:\WINDOWS\System32\IMM32.DLL
0x00000000733d0000 - 0x00000000734a2000 	C:\Program Files\Java\jre1.8.0_131\bin\msvcr100.dll
0x0000000070970000 - 0x000000007120c000 	C:\Program Files\Java\jre1.8.0_131\bin\server\jvm.dll
0x00007ffa406e0000 - 0x00007ffa406e8000 	C:\WINDOWS\System32\PSAPI.DLL
0x00007ffa3b390000 - 0x00007ffa3b399000 	C:\WINDOWS\SYSTEM32\WSOCK32.dll
0x00007ffa3b2e0000 - 0x00007ffa3b303000 	C:\WINDOWS\SYSTEM32\WINMM.dll
0x00007ffa39080000 - 0x00007ffa3908a000 	C:\WINDOWS\SYSTEM32\VERSION.dll
0x00007ffa3ffa0000 - 0x00007ffa4000a000 	C:\WINDOWS\System32\WS2_32.dll
0x0000000002180000 - 0x00000000021ab000 	C:\WINDOWS\SYSTEM32\WINMMBASE.dll
0x00007ffa3d3b0000 - 0x00007ffa3d3f2000 	C:\WINDOWS\System32\cfgmgr32.dll
0x00000000733c0000 - 0x00000000733cf000 	C:\Program Files\Java\jre1.8.0_131\bin\verify.dll
0x0000000073390000 - 0x00000000733b9000 	C:\Program Files\Java\jre1.8.0_131\bin\java.dll
0x0000000073370000 - 0x0000000073386000 	C:\Program Files\Java\jre1.8.0_131\bin\zip.dll

VM Arguments:
jvm_args: -ea -Dfile.encoding=Cp1252 
java_command: org.testng.remote.RemoteTestNG -serport 55506 -protocol json -d F:\Oxygen workspace\ApiTest\test-output C:\Users\KOWSHI~1\AppData\Local\Temp\testng-eclipse-1061688217\testng-customsuite.xml
java_class_path (initial): I:\eclipse new\eclipse-oxygen\configuration\org.eclipse.osgi\1003\0\.cp\lib\testng-remote.jar;F:\Oxygen workspace\ApiTest\target\test-classes;F:\Oxygen workspace\ApiTest\target\classes;C:\Users\Kowshik Preetham S\.m2\repository\org\glassfish\jersey\containers\jersey-container-servlet\2.27\jersey-container-servlet-2.27.jar;C:\Users\Kowshik Preetham S\.m2\repository\org\glassfish\jersey\containers\jersey-container-servlet-core\2.27\jersey-container-servlet-core-2.27.jar;C:\Users\Kowshik Preetham S\.m2\repository\org\glassfish\hk2\external\javax.inject\2.5.0-b42\javax.inject-2.5.0-b42.jar;C:\Users\Kowshik Preetham S\.m2\repository\org\glassfish\jersey\core\jersey-common\2.27\jersey-common-2.27.jar;C:\Users\Kowshik Preetham S\.m2\repository\javax\annotation\javax.annotation-api\1.2\javax.annotation-api-1.2.jar;C:\Users\Kowshik Preetham S\.m2\repository\org\glassfish\hk2\osgi-resource-locator\1.0.1\osgi-resource-locator-1.0.1.jar;C:\Users\Kowshik Preetham S\.m2\repository\org\glassfish\jersey\core\jersey-server\2.27\jersey-server-2.27.jar;C:\Users\Kowshik Preetham S\.m2\repository\org\glassfish\jersey\core\jersey-client\2.27\jersey-client-2.27.jar;C:\Users\Kowshik Preetham S\.m2\repository\org\glassfish\jersey\media\jersey-media-jaxb\2.27\jersey-media-jaxb-2.27.jar;C:\Users\Kowshik Preetham S\.m2\repository\javax\validation\validation-api\1.1.0.Final\validation-api-1.1.0.Final.jar;C:\Users\Kowshik Preetham S\.m2\repository\javax\ws\rs\javax.ws.rs-api\2.1\javax.ws.rs-api-2.1.jar;C:\Users\Kowshik Preetham S\.m2\repository\org\glassfish\jersey\inject\jersey-hk2\2.27\jersey-hk2-2.27.jar;C:\Users\Kowshik Preetham S\.m2\repository\org\glassfish\hk2\hk2-locator\2.5.0-b42\hk2-locator-2.5.0-b42.jar;C:\Users\Kowshik Preetham S\.m2\repository\org\glassfish\hk2\external\aopalliance-repackaged\2.5.0-b42\aopalliance-repackaged-2.5.0-b42.jar;C:\Users\Kowshik Preetham S\.m2\repository\org\glassfish\hk2\hk2-api\2.5.0-b42\hk2-api-2.5.0-b42.jar;C:\Users\Kowshik
Launcher Type: SUN_STANDARD

Environment Variables:
JAVA_HOME=C:\Program Files\Java\jdk1.8.0_131
PATH=C:/Program Files/Java/jre1.8.0_131/bin/server;C:/Program Files/Java/jre1.8.0_131/bin;C:/Program Files/Java/jre1.8.0_131/lib/amd64;C:\ProgramData\Oracle\Java\javapath;C:\oraclexe\app\oracle\product\10.2.0\server\bin;C:\WINDOWS\system32;C:\WINDOWS;C:\WINDOWS\System32\Wbem;C:\WINDOWS\System32\WindowsPowerShell\v1.0\;C:\Program Files\Maven 3.5.2\apache-maven-3.5.2\bin;C:\Users\Kowshik Preetham S\AppData\Local\Microsoft\WindowsApps;C:\Program Files\Java\jdk1.8.0_131\bin;C:\WebDrivers;I:\eclipse new\eclipse-oxygen;
USERNAME=Kowshik Preetham S
OS=Windows_NT
PROCESSOR_IDENTIFIER=AMD64 Family 22 Model 48 Stepping 1, AuthenticAMD



---------------  S Y S T E M  ---------------

OS: Windows 10.0 , 64 bit Build 14393 (10.0.14393.1198)

CPU:total 4 (initial active 4) (4 cores per cpu, 1 threads per core) family 22 model 48 stepping 1, cmov, cx8, fxsr, mmx, sse, sse2, sse3, ssse3, sse4.1, sse4.2, popcnt, avx, aes, clmul, mmxext, 3dnowpref, lzcnt, sse4a, tsc, tscinvbit, tscinv, bmi1

Memory: 4k page, physical 3613704k(493280k free), swap 5699612k(5316k free)

vm_info: Java HotSpot(TM) 64-Bit Server VM (25.131-b11) for windows-amd64 JRE (1.8.0_131-b11), built on Mar 15 2017 01:23:53 by "java_re" with MS VC++ 10.0 (VS2010)

time: Thu Jun 28 22:35:36 2018
elapsed time: 0 seconds (0d 0h 0m 0s)

